F:\PPT\编译课设\CODE\ANALYSER\OLEAUTO\DEBUG\OLEAUTO.PCH
F:\PPT\编译课设\CODE\ANALYSER\OLEAUTO\DEBUG\VC110.PDB
F:\PPT\编译课设\CODE\ANALYSER\OLEAUTO\DEBUG\LR1PG.OBJ
F:\PPT\编译课设\CODE\ANALYSER\OLEAUTO\DEBUG\MAIN.OBJ
F:\PPT\编译课设\CODE\ANALYSER\OLEAUTO\DEBUG\MSEXCEL.OBJ
F:\PPT\编译课设\CODE\ANALYSER\OLEAUTO\DEBUG\MSWORD.OBJ
F:\PPT\编译课设\CODE\ANALYSER\OLEAUTO\DEBUG\OLEMETHOD.OBJ
F:\PPT\编译课设\CODE\ANALYSER\OLEAUTO\DEBUG\SDICTIONARY.OBJ
F:\PPT\编译课设\CODE\ANALYSER\OLEAUTO\DEBUG\XLRANGE.OBJ
F:\PPT\编译课设\code\Analyser\OLEAuto\Debug\LR1PG.obj
F:\PPT\编译课设\code\Analyser\OLEAuto\Debug\main.obj
F:\PPT\编译课设\code\Analyser\OLEAuto\Debug\MSExcel.obj
F:\PPT\编译课设\code\Analyser\OLEAuto\Debug\MSWord.obj
F:\PPT\编译课设\code\Analyser\OLEAuto\Debug\OLEMethod.obj
F:\PPT\编译课设\code\Analyser\OLEAuto\Debug\SDictionary.obj
F:\PPT\编译课设\code\Analyser\OLEAuto\Debug\XLRange.obj
F:\PPT\编译课设\code\Analyser\OLEAuto\Debug\cl.command.1.tlog
F:\PPT\编译课设\code\Analyser\OLEAuto\Debug\CL.read.1.tlog
F:\PPT\编译课设\code\Analyser\OLEAuto\Debug\CL.write.1.tlog
F:\PPT\编译课设\code\Analyser\OLEAuto\Debug\vc110.idb
F:\PPT\编译课设\code\Analyser\OLEAuto\Debug\vc110.pdb
