生成启动时间为 2015/12/21 19:11:48。
     1>项目“F:\PPT\编译课设\code\Analyser\OLEAuto\OLEAuto.vcxproj”在节点 2 上(Build 个目标)。
     1>ClCompile:
         E:\Program Files (x86)\Microsoft Visual Studio 11.0\VC\bin\CL.exe /c /ZI /nologo /W3 /WX- /Od /Oy- /D WIN32 /D _WINDOWS /D _DEBUG /D _UNICODE /D UNICODE /Gm /EHsc /RTC1 /MTd /GS /fp:precise /Zc:wchar_t /Zc:forScope /Yc"stdafx.h" /Fp"Debug\OLEAuto.pch" /Fo"Debug\\" /Fd"Debug\vc110.pdb" /Gd /TP /analyze- /errorReport:prompt stdafx.cpp
         stdafx.cpp
     1>f:\ppt\编译课设\code\analyser\oleauto\lr1pg.h(70): warning C4018: “<”: 有符号/无符号不匹配
     1>f:\ppt\编译课设\code\analyser\oleauto\lexer.h(14): warning C4005: “VOID”: 宏重定义
                 c:\program files (x86)\windows kits\8.0\include\um\winnt.h(342) : 参见“VOID”的前一个定义
         E:\Program Files (x86)\Microsoft Visual Studio 11.0\VC\bin\CL.exe /c /ZI /nologo /W3 /WX- /Od /Oy- /D WIN32 /D _WINDOWS /D _DEBUG /D _UNICODE /D UNICODE /Gm /EHsc /RTC1 /MTd /GS /fp:precise /Zc:wchar_t /Zc:forScope /Yu"stdafx.h" /Fp"Debug\OLEAuto.pch" /Fo"Debug\\" /Fd"Debug\vc110.pdb" /Gd /TP /analyze- /errorReport:prompt Analyser.cpp LR1PG.cpp Lexer.cpp MSExcel.cpp MSWord.cpp OLEMethod.cpp SDictionary.cpp XLRange.cpp main.cpp
         main.cpp
     1>f:\ppt\编译课设\code\analyser\oleauto\main.cpp(32): warning C4996: 'freopen': This function or variable may be unsafe. Consider using freopen_s instead. To disable deprecation, use _CRT_SECURE_NO_WARNINGS. See online help for details.
                 e:\program files (x86)\microsoft visual studio 11.0\vc\include\stdio.h(233) : 参见“freopen”的声明
     1>f:\ppt\编译课设\code\analyser\oleauto\main.cpp(33): warning C4996: 'freopen': This function or variable may be unsafe. Consider using freopen_s instead. To disable deprecation, use _CRT_SECURE_NO_WARNINGS. See online help for details.
                 e:\program files (x86)\microsoft visual studio 11.0\vc\include\stdio.h(233) : 参见“freopen”的声明
     1>f:\ppt\编译课设\code\analyser\oleauto\main.cpp(155): warning C4018: “<”: 有符号/无符号不匹配
         XLRange.cpp
     1>f:\ppt\编译课设\code\analyser\oleauto\xlrange.cpp(16): warning C4996: 'wcscpy': This function or variable may be unsafe. Consider using wcscpy_s instead. To disable deprecation, use _CRT_SECURE_NO_WARNINGS. See online help for details.
                 e:\program files (x86)\microsoft visual studio 11.0\vc\include\string.h(288) : 参见“wcscpy”的声明
     1>f:\ppt\编译课设\code\analyser\oleauto\xlrange.cpp(17): warning C4996: 'wcscpy': This function or variable may be unsafe. Consider using wcscpy_s instead. To disable deprecation, use _CRT_SECURE_NO_WARNINGS. See online help for details.
                 e:\program files (x86)\microsoft visual studio 11.0\vc\include\string.h(288) : 参见“wcscpy”的声明
     1>f:\ppt\编译课设\code\analyser\oleauto\xlrange.cpp(45): warning C4996: 'wcscpy': This function or variable may be unsafe. Consider using wcscpy_s instead. To disable deprecation, use _CRT_SECURE_NO_WARNINGS. See online help for details.
                 e:\program files (x86)\microsoft visual studio 11.0\vc\include\string.h(288) : 参见“wcscpy”的声明
     1>f:\ppt\编译课设\code\analyser\oleauto\xlrange.cpp(50): warning C4996: 'wcscpy': This function or variable may be unsafe. Consider using wcscpy_s instead. To disable deprecation, use _CRT_SECURE_NO_WARNINGS. See online help for details.
                 e:\program files (x86)\microsoft visual studio 11.0\vc\include\string.h(288) : 参见“wcscpy”的声明
         SDictionary.cpp
     1>f:\ppt\编译课设\code\analyser\oleauto\sdictionary.cpp(48): warning C4800: “VARIANT_BOOL”: 将值强制为布尔值“true”或“false”(性能警告)
         OLEMethod.cpp
         MSWord.cpp
     1>f:\ppt\编译课设\code\analyser\oleauto\msword.cpp(173): warning C4800: “VARIANT_BOOL”: 将值强制为布尔值“true”或“false”(性能警告)
     1>f:\ppt\编译课设\code\analyser\oleauto\msword.cpp(193): warning C4800: “VARIANT_BOOL”: 将值强制为布尔值“true”或“false”(性能警告)
         MSExcel.cpp
         Lexer.cpp
     1>f:\ppt\编译课设\code\analyser\oleauto\lexer.cpp(23): warning C4996: 'fopen': This function or variable may be unsafe. Consider using fopen_s instead. To disable deprecation, use _CRT_SECURE_NO_WARNINGS. See online help for details.
                 e:\program files (x86)\microsoft visual studio 11.0\vc\include\stdio.h(218) : 参见“fopen”的声明
     1>f:\ppt\编译课设\code\analyser\oleauto\lexer.cpp(45): warning C4018: “<”: 有符号/无符号不匹配
     1>f:\ppt\编译课设\code\analyser\oleauto\lexer.cpp(291): warning C4018: “<”: 有符号/无符号不匹配
         LR1PG.cpp
     1>f:\ppt\编译课设\code\analyser\oleauto\lr1pg.cpp(172): warning C4018: “<”: 有符号/无符号不匹配
     1>f:\ppt\编译课设\code\analyser\oleauto\lr1pg.cpp(180): warning C4018: “<”: 有符号/无符号不匹配
     1>f:\ppt\编译课设\code\analyser\oleauto\lr1pg.cpp(203): warning C4018: “<”: 有符号/无符号不匹配
     1>f:\ppt\编译课设\code\analyser\oleauto\lr1pg.cpp(224): warning C4018: “<”: 有符号/无符号不匹配
     1>f:\ppt\编译课设\code\analyser\oleauto\lr1pg.cpp(449): warning C4018: “<”: 有符号/无符号不匹配
     1>f:\ppt\编译课设\code\analyser\oleauto\lr1pg.cpp(487): warning C4996: '_itoa': This function or variable may be unsafe. Consider using _itoa_s instead. To disable deprecation, use _CRT_SECURE_NO_WARNINGS. See online help for details.
                 e:\program files (x86)\microsoft visual studio 11.0\vc\include\stdlib.h(468) : 参见“_itoa”的声明
     1>f:\ppt\编译课设\code\analyser\oleauto\lr1pg.cpp(585): warning C4996: 'fopen': This function or variable may be unsafe. Consider using fopen_s instead. To disable deprecation, use _CRT_SECURE_NO_WARNINGS. See online help for details.
                 e:\program files (x86)\microsoft visual studio 11.0\vc\include\stdio.h(218) : 参见“fopen”的声明
     1>f:\ppt\编译课设\code\analyser\oleauto\lr1pg.cpp(594): warning C4305: “参数”: 从“int”到“char”截断
     1>f:\ppt\编译课设\code\analyser\oleauto\lr1pg.cpp(594): warning C4309: “参数”: 截断常量值
     1>f:\ppt\编译课设\code\analyser\oleauto\lr1pg.cpp(614): warning C4996: 'fopen': This function or variable may be unsafe. Consider using fopen_s instead. To disable deprecation, use _CRT_SECURE_NO_WARNINGS. See online help for details.
                 e:\program files (x86)\microsoft visual studio 11.0\vc\include\stdio.h(218) : 参见“fopen”的声明
     1>f:\ppt\编译课设\code\analyser\oleauto\lr1pg.cpp(626): warning C4305: “参数”: 从“int”到“char”截断
     1>f:\ppt\编译课设\code\analyser\oleauto\lr1pg.cpp(626): warning C4309: “参数”: 截断常量值
     1>f:\ppt\编译课设\code\analyser\oleauto\lr1pg.cpp(633): warning C4018: “<”: 有符号/无符号不匹配
     1>f:\ppt\编译课设\code\analyser\oleauto\lr1pg.cpp(693): warning C4018: “<”: 有符号/无符号不匹配
     1>f:\ppt\编译课设\code\analyser\oleauto\lr1pg.cpp(701): warning C4018: “<”: 有符号/无符号不匹配
         Analyser.cpp
         正在生成代码...
       Link:
         E:\Program Files (x86)\Microsoft Visual Studio 11.0\VC\bin\link.exe /ERRORREPORT:PROMPT /OUT:"F:\PPT\编译课设\code\Analyser\Debug\OLEAuto.exe" /INCREMENTAL /NOLOGO /MANIFEST /MANIFESTUAC:"level='asInvoker' uiAccess='false'" /manifest:embed /manifestinput:"E:\Program Files (x86)\Microsoft Visual Studio 11.0\VC\Include\Manifest\dpiaware.manifest" /DEBUG /PDB:"F:\PPT\编译课设\code\Analyser\Debug\OLEAuto.pdb" /SUBSYSTEM:WINDOWS /TLBID:1 /ENTRY:"wWinMainCRTStartup" /DYNAMICBASE /NXCOMPAT /IMPLIB:"F:\PPT\编译课设\code\Analyser\Debug\OLEAuto.lib" /MACHINE:X86 /SAFESEH Debug\OLEAuto.res
         Debug\Analyser.obj
         Debug\Lexer.obj
         Debug\LR1PG.obj
         Debug\main.obj
         Debug\MSExcel.obj
         Debug\MSWord.obj
         Debug\OLEMethod.obj
         Debug\SDictionary.obj
         Debug\stdafx.obj
         Debug\XLRange.obj
         OLEAuto.vcxproj -> F:\PPT\编译课设\code\Analyser\Debug\OLEAuto.exe
     1>已完成生成项目“F:\PPT\编译课设\code\Analyser\OLEAuto\OLEAuto.vcxproj”(Build 个目标)的操作。

生成成功。

已用时间 00:00:07.48
